  _________________________________
                                   
 |         DFTD3 V3.2 Rev 1        |
 | S.Grimme, University Bonn       |
 |         January  2019           |
 |   see dftd3 -h for options      |
  _________________________________
 
 Please cite DFT-D3 work done with this code as:
 S. Grimme, J. Antony, S. Ehrlich and H. Krieg,
 J. Chem. Phys. 132 (2010), 154104
 If used with BJ-damping cite also
 S. Grimme, S. Ehrlich and L. Goerigk,
 J. Comput. Chem. 32 (2011), 1456-1465
 For DFT-D2 the reference is
 S. Grimme, J. Comput. Chem., 27 (2006), 1787-1799
 For DFT-D3M or DFT-D3M(BJ) the reference is
 D.G.A. Smith, L.A. Burns, K. Patkowski, and 
 C.D. Sherrill, J. Phys. Chem. Lett. 7 (2016) 2197-2203
 
  files read :     
 ase_dftd3.POSCAR
C6 coefficients used:
           5  C6 for element            6
Z=  6 CN= 0.000     C6(AA)=   49.11
Z=  6 CN= 0.987     C6(AA)=   43.25
Z=  6 CN= 1.998     C6(AA)=   29.36
Z=  6 CN= 2.999     C6(AA)=   25.78
Z=  6 CN= 3.984     C6(AA)=   18.21

#               XYZ [au]               R0(AA) [Ang.]  CN       C6(AA)     C8(AA)   C10(AA) [au] 
   1   0.00000   0.00000   0.00000   c     1.455    4.476        18.2       526.7     18658.8
   2   1.68658   1.68658   1.68658   c     1.455    4.476        18.2       526.7     18658.8

molecular C6(AA) [au] =        72.84

           DFT-D V3
 DF pbe                                               
 parameters
 s6       :    1.0000
 s8       :    0.7220
 rs6      :    1.2170
 rs18     :    1.0000
 alpha6   :   14.0000
 alpha8   :   16.0000
 k1-k3    :   16.0000    1.3333   -4.0000
 Cutoff   :   95.0000 a.u.
 CN-Cutoff:   40.0000 a.u.
 
 Edisp /kcal,au,eV:    -4.9812  -0.00793812  -0.2160072

 E6    /kcal :    -3.0779
 E8    /kcal :    -1.9033
 % E8        : 38.21
 
 doing analytical gradient O(N^2) ...
 |G(force)| =  6.784865950775450E-014
 |G(stress)|=  1.016775968076295E-002
gdisp time     0.0
 Cartesian gradient written to file dftd3_gradient.
 Cartesian cellgradient written  to file dftd3_cellgradient. (a.u.)
 normal termination of dftd3
